<?xml version="1.0" encoding="utf-8"?><testsuites name="pytest tests"><testsuite name="pytest" errors="0" failures="0" skipped="0" tests="21" time="2.963" timestamp="2026-03-05T14:12:47.804727+00:00" hostname="agent-env-e2913838-9e5b-40ef-8050-904f39883262"><testcase classname="backend.tests.test_pnl_deals_validation.TestPnLDealsValidation" name="test_valid_deal_data_passes_validation" time="0.157" /><testcase classname="backend.tests.test_pnl_deals_validation.TestPnLDealsValidation" name="test_empty_house_address_returns_422" time="0.134" /><testcase classname="backend.tests.test_pnl_deals_validation.TestPnLDealsValidation" name="test_missing_closing_date_handled" time="0.129" /><testcase classname="backend.tests.test_pnl_deals_validation.TestPnLDealsValidation" name="test_invalid_date_format_returns_422" time="0.151" /><testcase classname="backend.tests.test_pnl_deals_validation.TestPnLDealsValidation" name="test_empty_date_fields_handled" time="0.137" /><testcase classname="backend.tests.test_pnl_deals_validation.TestPnLDealsValidation" name="test_lead_sources_endpoint_exists" time="0.132" /><testcase classname="backend.tests.test_pnl_deals_validation.TestPnLDealsValidation" name="test_deal_with_string_numeric_values" time="0.129" /><testcase classname="backend.tests.test_pnl_deals_validation.TestPnLDealsValidation" name="test_deal_minimal_required_fields" time="0.128" /><testcase classname="backend.tests.test_pnl_deals_validation.TestPnLDealsValidation" name="test_deal_model_structure" time="0.128" /><testcase classname="backend.tests.test_pnl_deals_validation.TestPnLDealsValidation" name="test_health_endpoint" time="0.146" /><testcase classname="backend.tests.test_pnl_deals_validation.TestPnLDealDataFormats" name="test_float_precision" time="0.130" /><testcase classname="backend.tests.test_pnl_deals_validation.TestPnLDealDataFormats" name="test_zero_values" time="0.132" /><testcase classname="backend.tests.test_pnl_deals_validation.TestPnLDealDataFormats" name="test_future_dates" time="0.126" /><testcase classname="backend.tests.test_pnl_api.TestPnLDealEndpoints" name="test_create_deal_requires_auth" time="0.127" /><testcase classname="backend.tests.test_pnl_api.TestPnLDealEndpoints" name="test_create_deal_rejects_invalid_token" time="0.137" /><testcase classname="backend.tests.test_pnl_api.TestPnLDealEndpoints" name="test_lead_sources_requires_auth" time="0.159" /><testcase classname="backend.tests.test_pnl_api.TestPnLDealEndpoints" name="test_categories_requires_auth" time="0.146" /><testcase classname="backend.tests.test_pnl_api.TestPnLDealEndpoints" name="test_summary_requires_auth" time="0.135" /><testcase classname="backend.tests.test_pnl_api.TestPnLDealEndpoints" name="test_health_check_public" time="0.124" /><testcase classname="backend.tests.test_pnl_api.TestPnLEndpointStructure" name="test_deal_endpoint_returns_proper_error_format" time="0.135" /><testcase classname="backend.tests.test_pnl_api.TestPnLEndpointStructure" name="test_deal_endpoint_with_auth_header_structure" time="0.127" /></testsuite></testsuites>