<?xml version="1.0" encoding="utf-8"?><testsuites name="pytest tests"><testsuite name="pytest" errors="0" failures="0" skipped="0" tests="8" time="1.959" timestamp="2026-03-05T13:33:20.422527+00:00" hostname="agent-env-e2913838-9e5b-40ef-8050-904f39883262"><testcase classname="tests.test_pnl_api.TestPnLDealEndpoints" name="test_create_deal_requires_auth" time="0.694" /><testcase classname="tests.test_pnl_api.TestPnLDealEndpoints" name="test_create_deal_rejects_invalid_token" time="0.322" /><testcase classname="tests.test_pnl_api.TestPnLDealEndpoints" name="test_lead_sources_requires_auth" time="0.148" /><testcase classname="tests.test_pnl_api.TestPnLDealEndpoints" name="test_categories_requires_auth" time="0.129" /><testcase classname="tests.test_pnl_api.TestPnLDealEndpoints" name="test_summary_requires_auth" time="0.168" /><testcase classname="tests.test_pnl_api.TestPnLDealEndpoints" name="test_health_check_public" time="0.128" /><testcase classname="tests.test_pnl_api.TestPnLEndpointStructure" name="test_deal_endpoint_returns_proper_error_format" time="0.143" /><testcase classname="tests.test_pnl_api.TestPnLEndpointStructure" name="test_deal_endpoint_with_auth_header_structure" time="0.123" /></testsuite></testsuites>