<?xml version="1.0" encoding="utf-8"?><testsuites name="pytest tests"><testsuite name="pytest" errors="0" failures="0" skipped="2" tests="22" time="116.347" timestamp="2026-03-07T22:52:11.665538+00:00" hostname="agent-env-2c822910-0cc4-4870-9567-336ccbdaa0ff"><testcase classname="tests.test_stage1_ai_usage_comprehensive.TestCostCalculation" name="test_cost_calculation_basic" time="0.769" /><testcase classname="tests.test_stage1_ai_usage_comprehensive.TestCostCalculation" name="test_cost_calculation_zero_tokens" time="0.001" /><testcase classname="tests.test_stage1_ai_usage_comprehensive.TestCostCalculation" name="test_cost_calculation_large_tokens" time="0.001" /><testcase classname="tests.test_stage1_ai_usage_comprehensive.TestCostCalculation" name="test_cost_calculation_unknown_model_fallback" time="0.000" /><testcase classname="tests.test_stage1_ai_usage_comprehensive.TestCostCalculation" name="test_cost_calculation_precision" time="0.000" /><testcase classname="tests.test_stage1_ai_usage_comprehensive.TestUsageNoneTypeHandling" name="test_usage_object_none" time="0.000" /><testcase classname="tests.test_stage1_ai_usage_comprehensive.TestUsageNoneTypeHandling" name="test_usage_missing_prompt_tokens" time="0.001" /><testcase classname="tests.test_stage1_ai_usage_comprehensive.TestUsageNoneTypeHandling" name="test_usage_missing_completion_tokens" time="0.001" /><testcase classname="tests.test_stage1_ai_usage_comprehensive.TestUsageNoneTypeHandling" name="test_usage_missing_total_tokens" time="0.001" /><testcase classname="tests.test_stage1_ai_usage_comprehensive.TestUsageNoneTypeHandling" name="test_usage_all_zeros" time="0.001" /><testcase classname="tests.test_stage1_ai_usage_comprehensive.TestBackgroundTaskExceptionHandling" name="test_callback_retrieves_exception" time="0.003" /><testcase classname="tests.test_stage1_ai_usage_comprehensive.TestBackgroundTaskExceptionHandling" name="test_callback_handles_cancelled_task" time="0.001" /><testcase classname="tests.test_stage1_ai_usage_comprehensive.TestBackgroundTaskExceptionHandling" name="test_callback_handles_successful_task" time="0.001" /><testcase classname="tests.test_stage1_ai_usage_comprehensive.TestAsyncLoggingFunction" name="test_logging_function_non_blocking" time="30.033" /><testcase classname="tests.test_stage1_ai_usage_comprehensive.TestAsyncLoggingFunction" name="test_logging_function_handles_db_error" time="5.007" /><testcase classname="tests.test_stage1_ai_usage_comprehensive.TestLoadConcurrent" name="test_50_concurrent_logging_tasks" time="60.019" /><testcase classname="tests.test_stage1_ai_usage_comprehensive.TestMongoDBIndexes" name="test_indexes_exist" time="10.162"><skipped type="pytest.skip" message="MongoDB connectivity issue: SSL handshake failed: ac-mg7tk7w-shard-00-00.xvvfduo.mongodb.net:27017: [SSL: TLSV1_ALERT_INTERNAL_ERROR] tlsv1 alert internal error (_ssl.c:1016) (configured timeouts: socketTimeoutMS: 20000.0ms, connectTimeoutMS: 20000.0ms),SSL handshake failed: ac-mg7tk7w-shard-00-01.xvvfduo.mongodb.net:27017: [SSL: TLSV1_ALERT_INTERNAL_ERROR] tlsv1 alert internal error (_ssl.c:1016) (configured timeouts: socketTimeoutMS: 20000.0ms, connectTimeoutMS: 20000.0ms), Timeout: 10.0s, Topology Description: &lt;TopologyDescription id: 69acac7ba617962b3c17d290, topology_type: ReplicaSetNoPrimary, servers: [&lt;ServerDescription ('ac-mg7tk7w-shard-00-00.xvvfduo.mongodb.net', 27017) server_type: Unknown, rtt: None, error=AutoReconnect('SSL handshake failed: ac-mg7tk7w-shard-00-00.xvvfduo.mongodb.net:27017: [SSL: TLSV1_ALERT_INTERNAL_ERROR] tlsv1 alert internal error (_ssl.c:1016) (configured timeouts: socketTimeoutMS: 20000.0ms, connectTimeoutMS: 20000.0ms)')&gt;, &lt;ServerDescription ('ac-mg7tk7w-shard-00-01.xvvfduo.mongodb.net', 27017) server_type: Unknown, rtt: None, error=AutoReconnect('SSL handshake failed: ac-mg7tk7w-shard-00-01.xvvfduo.mongodb.net:27017: [SSL: TLSV1_ALERT_INTERNAL_ERROR] tlsv1 alert internal error (_ssl.c:1016) (configured timeouts: socketTimeoutMS: 20000.0ms, connectTimeoutMS: 20000.0ms)')&gt;, &lt;ServerDescription ('ac-mg7tk7w-shard-00-02.xvvfduo.mongodb.net', 27017) server_type: Unknown, rtt: None&gt;]&gt;">/app/backend/tests/test_stage1_ai_usage_comprehensive.py:402: MongoDB connectivity issue: SSL handshake failed: ac-mg7tk7w-shard-00-00.xvvfduo.mongodb.net:27017: [SSL: TLSV1_ALERT_INTERNAL_ERROR] tlsv1 alert internal error (_ssl.c:1016) (configured timeouts: socketTimeoutMS: 20000.0ms, connectTimeoutMS: 20000.0ms),SSL handshake failed: ac-mg7tk7w-shard-00-01.xvvfduo.mongodb.net:27017: [SSL: TLSV1_ALERT_INTERNAL_ERROR] tlsv1 alert internal error (_ssl.c:1016) (configured timeouts: socketTimeoutMS: 20000.0ms, connectTimeoutMS: 20000.0ms), Timeout: 10.0s, Topology Description: &lt;TopologyDescription id: 69acac7ba617962b3c17d290, topology_type: ReplicaSetNoPrimary, servers: [&lt;ServerDescription ('ac-mg7tk7w-shard-00-00.xvvfduo.mongodb.net', 27017) server_type: Unknown, rtt: None, error=AutoReconnect('SSL handshake failed: ac-mg7tk7w-shard-00-00.xvvfduo.mongodb.net:27017: [SSL: TLSV1_ALERT_INTERNAL_ERROR] tlsv1 alert internal error (_ssl.c:1016) (configured timeouts: socketTimeoutMS: 20000.0ms, connectTimeoutMS: 20000.0ms)')&gt;, &lt;ServerDescription ('ac-mg7tk7w-shard-00-01.xvvfduo.mongodb.net', 27017) server_type: Unknown, rtt: None, error=AutoReconnect('SSL handshake failed: ac-mg7tk7w-shard-00-01.xvvfduo.mongodb.net:27017: [SSL: TLSV1_ALERT_INTERNAL_ERROR] tlsv1 alert internal error (_ssl.c:1016) (configured timeouts: socketTimeoutMS: 20000.0ms, connectTimeoutMS: 20000.0ms)')&gt;, &lt;ServerDescription ('ac-mg7tk7w-shard-00-02.xvvfduo.mongodb.net', 27017) server_type: Unknown, rtt: None&gt;]&gt;</skipped></testcase><testcase classname="tests.test_stage1_ai_usage_comprehensive.TestMongoDBIndexes" name="test_index_usage_explain" time="10.133"><skipped type="pytest.skip" message="MongoDB connectivity issue: SSL handshake failed: ac-mg7tk7w-shard-00-00.xvvfduo.mongodb.net:27017: [SSL: TLSV1_ALERT_INTERNAL_ERROR] tlsv1 alert internal error (_ssl.c:1016) (configured timeouts: socketTimeoutMS: 20000.0ms, connectTimeoutMS: 20000.0ms),SSL handshake failed: ac-mg7tk7w-shard-00-01.xvvfduo.mongodb.net:27017: [SSL: TLSV1_ALERT_INTERNAL_ERROR] tlsv1 alert internal error (_ssl.c:1016) (configured timeouts: socketTimeoutMS: 20000.0ms, connectTimeoutMS: 20000.0ms),SSL handshake failed: ac-mg7tk7w-shard-00-02.xvvfduo.mongodb.net:27017: [SSL: TLSV1_ALERT_INTERNAL_ERROR] tlsv1 alert internal error (_ssl.c:1016) (configured timeouts: socketTimeoutMS: 20000.0ms, connectTimeoutMS: 20000.0ms), Timeout: 10.0s, Topology Description: &lt;TopologyDescription id: 69acac85a617962b3c17d291, topology_type: ReplicaSetNoPrimary, servers: [&lt;ServerDescription ('ac-mg7tk7w-shard-00-00.xvvfduo.mongodb.net', 27017) server_type: Unknown, rtt: None, error=AutoReconnect('SSL handshake failed: ac-mg7tk7w-shard-00-00.xvvfduo.mongodb.net:27017: [SSL: TLSV1_ALERT_INTERNAL_ERROR] tlsv1 alert internal error (_ssl.c:1016) (configured timeouts: socketTimeoutMS: 20000.0ms, connectTimeoutMS: 20000.0ms)')&gt;, &lt;ServerDescription ('ac-mg7tk7w-shard-00-01.xvvfduo.mongodb.net', 27017) server_type: Unknown, rtt: None, error=AutoReconnect('SSL handshake failed: ac-mg7tk7w-shard-00-01.xvvfduo.mongodb.net:27017: [SSL: TLSV1_ALERT_INTERNAL_ERROR] tlsv1 alert internal error (_ssl.c:1016) (configured timeouts: socketTimeoutMS: 20000.0ms, connectTimeoutMS: 20000.0ms)')&gt;, &lt;ServerDescription ('ac-mg7tk7w-shard-00-02.xvvfduo.mongodb.net', 27017) server_type: Unknown, rtt: None, error=AutoReconnect('SSL handshake failed: ac-mg7tk7w-shard-00-02.xvvfduo.mongodb.net:27017: [SSL: TLSV1_ALERT_INTERNAL_ERROR] tlsv1 alert internal error (_ssl.c:1016) (configured timeouts: socketTimeoutMS: 20000.0ms, connectTimeoutMS: 20000.0ms)')&gt;]&gt;">/app/backend/tests/test_stage1_ai_usage_comprehensive.py:446: MongoDB connectivity issue: SSL handshake failed: ac-mg7tk7w-shard-00-00.xvvfduo.mongodb.net:27017: [SSL: TLSV1_ALERT_INTERNAL_ERROR] tlsv1 alert internal error (_ssl.c:1016) (configured timeouts: socketTimeoutMS: 20000.0ms, connectTimeoutMS: 20000.0ms),SSL handshake failed: ac-mg7tk7w-shard-00-01.xvvfduo.mongodb.net:27017: [SSL: TLSV1_ALERT_INTERNAL_ERROR] tlsv1 alert internal error (_ssl.c:1016) (configured timeouts: socketTimeoutMS: 20000.0ms, connectTimeoutMS: 20000.0ms),SSL handshake failed: ac-mg7tk7w-shard-00-02.xvvfduo.mongodb.net:27017: [SSL: TLSV1_ALERT_INTERNAL_ERROR] tlsv1 alert internal error (_ssl.c:1016) (configured timeouts: socketTimeoutMS: 20000.0ms, connectTimeoutMS: 20000.0ms), Timeout: 10.0s, Topology Description: &lt;TopologyDescription id: 69acac85a617962b3c17d291, topology_type: ReplicaSetNoPrimary, servers: [&lt;ServerDescription ('ac-mg7tk7w-shard-00-00.xvvfduo.mongodb.net', 27017) server_type: Unknown, rtt: None, error=AutoReconnect('SSL handshake failed: ac-mg7tk7w-shard-00-00.xvvfduo.mongodb.net:27017: [SSL: TLSV1_ALERT_INTERNAL_ERROR] tlsv1 alert internal error (_ssl.c:1016) (configured timeouts: socketTimeoutMS: 20000.0ms, connectTimeoutMS: 20000.0ms)')&gt;, &lt;ServerDescription ('ac-mg7tk7w-shard-00-01.xvvfduo.mongodb.net', 27017) server_type: Unknown, rtt: None, error=AutoReconnect('SSL handshake failed: ac-mg7tk7w-shard-00-01.xvvfduo.mongodb.net:27017: [SSL: TLSV1_ALERT_INTERNAL_ERROR] tlsv1 alert internal error (_ssl.c:1016) (configured timeouts: socketTimeoutMS: 20000.0ms, connectTimeoutMS: 20000.0ms)')&gt;, &lt;ServerDescription ('ac-mg7tk7w-shard-00-02.xvvfduo.mongodb.net', 27017) server_type: Unknown, rtt: None, error=AutoReconnect('SSL handshake failed: ac-mg7tk7w-shard-00-02.xvvfduo.mongodb.net:27017: [SSL: TLSV1_ALERT_INTERNAL_ERROR] tlsv1 alert internal error (_ssl.c:1016) (configured timeouts: socketTimeoutMS: 20000.0ms, connectTimeoutMS: 20000.0ms)')&gt;]&gt;</skipped></testcase><testcase classname="tests.test_stage1_ai_usage_comprehensive.TestDocumentSchema" name="test_document_has_required_fields" time="0.000" /><testcase classname="tests.test_stage1_ai_usage_comprehensive.TestDocumentSchema" name="test_document_excludes_pii" time="0.000" /><testcase classname="tests.test_stage1_ai_usage_comprehensive.TestOpenAIResponseIntegration" name="test_openai_usage_structure" time="0.001" /><testcase classname="tests.test_stage1_ai_usage_comprehensive.TestOpenAIResponseIntegration" name="test_response_without_usage_attribute" time="0.001" /></testsuite></testsuites>